<?xml version="1.0" encoding="UTF-8"?>
<testsuite xmlns:xsi="http://www.w3.org/2001/XMLSchema-instance" xsi:noNamespaceSchemaLocation="https://maven.apache.org/surefire/maven-surefire-plugin/xsd/surefire-test-report-3.0.xsd" version="3.0" name="com.smartlogistics.analytics.domain.exception.EventProcessingExceptionTest" time="0.012" tests="2" errors="0" skipped="0" failures="0">
  <properties>
[...]
</properties>
  <testcase name="exception_ShouldStoreMessageAndCause" classname="com.smartlogistics.analytics.domain.exception.EventProcessingExceptionTest" time="0.006"/>
  <testcase name="exception_ShouldBeRuntimeException" classname="com.smartlogistics.analytics.domain.exception.EventProcessingExceptionTest" time="0.002"/>
</testsuite>