<?xml version="1.0" encoding="UTF-8"?>
<testsuite xmlns:xsi="http://www.w3.org/2001/XMLSchema-instance" xsi:noNamespaceSchemaLocation="https://maven.apache.org/surefire/maven-surefire-plugin/xsd/surefire-test-report-3.0.xsd" version="3.0" name="com.smartlogistics.identity.SmartLogisticIdentityApplicationTests" time="20.806" tests="7" errors="0" skipped="0" failures="0">
  <properties>
[...]
</properties>
  <testcase name="registerUser_ShouldReturn201AndToken" classname="com.smartlogistics.identity.SmartLogisticIdentityApplicationTests" time="2.108">
    <system-out><![CDATA[20:26:30.405 [main] INFO org.springframework.test.context.support.AnnotationConfigContextLoaderUtils -- Could not detect default configuration classes for test class [com.smartlogistics.identity.SmartLogisticIdentityApplicationTests]: SmartLogisticIdentityApplicationTests does not declare any static, non-private, non-final, nested classes annotated with @Configuration.
20:26:30.855 [main] INFO org.springframework.boot.test.context.SpringBootTestContextBootstrapper -- Found @SpringBootConfiguration com.smartlogistics.identity.SmartLogisticIdentityApplication for test class com.smartlogistics.identity.SmartLogisticIdentityApplicationTests

  .   ____          _            __ _ _
 /\\ / ___'_ __ _ _(_)_ __  __ _ \ \ \ \
( ( )\___ | '_ | '_| | '_ \/ _` | \ \ \ \
 \\/  ___)| |_)| | | | | || (_| |  ) ) ) )
  '  |____| .__|_| |_|_| |_\__, | / / / /
 =========|_|==============|___/=/_/_/_/

 :: Spring Boot ::                (v3.3.6)

2026-05-30T20:26:32.209-05:00  INFO 15952 --- [           main] [                                                 ] .i.SmartLogisticIdentityApplicationTests : Starting SmartLogisticIdentityApplicationTests using Java 25 with PID 15952 (started by Duban in C:\Users\Duban\Documents\arquitectura 2\Proyecto final\smartlogistic\ms-identity)
2026-05-30T20:26:32.216-05:00  INFO 15952 --- [           main] [                                                 ] .i.SmartLogisticIdentityApplicationTests : No active profile set, falling back to 1 default profile: "default"
2026-05-30T20:26:35.128-05:00  INFO 15952 --- [           main] [                                                 ] .s.d.r.c.RepositoryConfigurationDelegate : Bootstrapping Spring Data JPA repositories in DEFAULT mode.
2026-05-30T20:26:35.420-05:00  INFO 15952 --- [           main] [                                                 ] .s.d.r.c.RepositoryConfigurationDelegate : Finished Spring Data repository scanning in 238 ms. Found 1 JPA repository interface.
2026-05-30T20:26:37.794-05:00  INFO 15952 --- [           main] [                                                 ] o.s.b.w.embedded.tomcat.TomcatWebServer  : Tomcat initialized with port 0 (http)
2026-05-30T20:26:37.833-05:00  INFO 15952 --- [           main] [                                                 ] o.apache.catalina.core.StandardService   : Starting service [Tomcat]
2026-05-30T20:26:37.835-05:00  INFO 15952 --- [           main] [                                                 ] o.apache.catalina.core.StandardEngine    : Starting Servlet engine: [Apache Tomcat/10.1.33]
2026-05-30T20:26:37.989-05:00  INFO 15952 --- [           main] [                                                 ] o.a.c.c.C.[Tomcat].[localhost].[/]       : Initializing Spring embedded WebApplicationContext
2026-05-30T20:26:37.990-05:00  INFO 15952 --- [           main] [                                                 ] w.s.c.ServletWebServerApplicationContext : Root WebApplicationContext: initialization completed in 5731 ms
2026-05-30T20:26:39.443-05:00  INFO 15952 --- [           main] [                                                 ] o.hibernate.jpa.internal.util.LogHelper  : HHH000204: Processing PersistenceUnitInfo [name: default]
2026-05-30T20:26:39.692-05:00  INFO 15952 --- [           main] [                                                 ] org.hibernate.Version                    : HHH000412: Hibernate ORM core version 6.5.3.Final
2026-05-30T20:26:39.845-05:00  INFO 15952 --- [           main] [                                                 ] o.h.c.internal.RegionFactoryInitiator    : HHH000026: Second-level cache disabled
2026-05-30T20:26:40.945-05:00  INFO 15952 --- [           main] [                                                 ] o.s.o.j.p.SpringPersistenceUnitInfo      : No LoadTimeWeaver setup: ignoring JPA class transformer
2026-05-30T20:26:41.015-05:00  INFO 15952 --- [           main] [                                                 ] com.zaxxer.hikari.HikariDataSource       : HikariPool-1 - Starting...
2026-05-30T20:26:41.486-05:00  INFO 15952 --- [           main] [                                                 ] com.zaxxer.hikari.pool.HikariPool        : HikariPool-1 - Added connection conn0: url=jdbc:h2:mem:testdb user=SA
2026-05-30T20:26:41.488-05:00  INFO 15952 --- [           main] [                                                 ] com.zaxxer.hikari.HikariDataSource       : HikariPool-1 - Start completed.
2026-05-30T20:26:41.540-05:00  WARN 15952 --- [           main] [                                                 ] org.hibernate.orm.deprecation            : HHH90000025: H2Dialect does not need to be specified explicitly using 'hibernate.dialect' (remove the property setting and it will be selected by default)
2026-05-30T20:26:43.043-05:00  INFO 15952 --- [           main] [                                                 ] o.h.e.t.j.p.i.JtaPlatformInitiator       : HHH000489: No JTA platform available (set 'hibernate.transaction.jta.platform' to enable JTA platform integration)
2026-05-30T20:26:43.125-05:00  INFO 15952 --- [           main] [                                                 ] j.LocalContainerEntityManagerFactoryBean : Initialized JPA EntityManagerFactory for persistence unit 'default'
2026-05-30T20:26:44.662-05:00  WARN 15952 --- [           main] [                                                 ] JpaBaseConfiguration$JpaWebConfiguration : spring.jpa.open-in-view is enabled by default. Therefore, database queries may be performed during view rendering. Explicitly configure spring.jpa.open-in-view to disable this warning
2026-05-30T20:26:46.955-05:00  INFO 15952 --- [           main] [                                                 ] o.s.b.a.e.web.EndpointLinksResolver      : Exposing 2 endpoints beneath base path '/actuator'
2026-05-30T20:26:47.679-05:00  INFO 15952 --- [           main] [                                                 ] o.s.b.w.embedded.tomcat.TomcatWebServer  : Tomcat started on port 55101 (http) with context path '/'
2026-05-30T20:26:47.700-05:00  INFO 15952 --- [           main] [                                                 ] .i.SmartLogisticIdentityApplicationTests : Started SmartLogisticIdentityApplicationTests in 16.273 seconds (process running for 19.825)
2026-05-30T20:26:49.403-05:00  INFO 15952 --- [o-auto-1-exec-2] [                                                 ] o.a.c.c.C.[Tomcat].[localhost].[/]       : Initializing Spring DispatcherServlet 'dispatcherServlet'
2026-05-30T20:26:49.403-05:00  INFO 15952 --- [o-auto-1-exec-2] [                                                 ] o.s.web.servlet.DispatcherServlet        : Initializing Servlet 'dispatcherServlet'
2026-05-30T20:26:49.405-05:00  INFO 15952 --- [o-auto-1-exec-2] [                                                 ] o.s.web.servlet.DispatcherServlet        : Completed initialization in 1 ms
]]></system-out>
    <system-err><![CDATA[WARNING: A Java agent has been loaded dynamically (C:\Users\Duban\.m2\repository\net\bytebuddy\byte-buddy-agent\1.14.19\byte-buddy-agent-1.14.19.jar)
WARNING: If a serviceability tool is in use, please run with -XX:+EnableDynamicAgentLoading to hide this warning
WARNING: If a serviceability tool is not in use, please run with -Djdk.instrument.traceUsage for more information
WARNING: Dynamic loading of agents will be disallowed by default in a future release
]]></system-err>
  </testcase>
  <testcase name="validateInvalidToken_ShouldReturn401" classname="com.smartlogistics.identity.SmartLogisticIdentityApplicationTests" time="0.109"/>
  <testcase name="loginWithValidCredentials_ShouldReturn200AndToken" classname="com.smartlogistics.identity.SmartLogisticIdentityApplicationTests" time="0.182"/>
  <testcase name="registerDuplicateUser_ShouldReturn409" classname="com.smartlogistics.identity.SmartLogisticIdentityApplicationTests" time="0.098"/>
  <testcase name="contextLoads" classname="com.smartlogistics.identity.SmartLogisticIdentityApplicationTests" time="0.006"/>
  <testcase name="validateValidToken_ShouldReturn200" classname="com.smartlogistics.identity.SmartLogisticIdentityApplicationTests" time="0.126"/>
  <testcase name="loginWithInvalidPassword_ShouldReturn401" classname="com.smartlogistics.identity.SmartLogisticIdentityApplicationTests" time="0.162"/>
</testsuite>